<?xml version="1.0" encoding="UTF-8"?>
<testng-results ignored="0" total="1" passed="1" failed="0" skipped="0">
  <reporter-output>
  </reporter-output>
  <suite started-at="2025-05-25T10:47:07 IST" name="TestSuite" finished-at="2025-05-25T10:48:15 IST" duration-ms="67545">
    <groups>
    </groups>
    <test started-at="2025-05-25T10:47:07 IST" name="CartTests" finished-at="2025-05-25T10:48:15 IST" duration-ms="67545">
      <class name="tests.CartTests">
        <test-method is-config="true" signature="setUp()[pri:0, instance:tests.CartTests@5542c4ed]" started-at="2025-05-25T10:47:07 IST" name="setUp" finished-at="2025-05-25T10:47:43 IST" duration-ms="35476" status="PASS">
          <reporter-output>
          </reporter-output>
        </test-method> <!-- setUp -->
        <test-method signature="testValidateCartDetails()[pri:0, instance:tests.CartTests@5542c4ed]" started-at="2025-05-25T10:47:43 IST" name="testValidateCartDetails" finished-at="2025-05-25T10:48:12 IST" duration-ms="29159" status="PASS">
          <reporter-output>
          </reporter-output>
        </test-method> <!-- testValidateCartDetails -->
        <test-method is-config="true" signature="endTest()[pri:0, instance:tests.CartTests@5542c4ed]" started-at="2025-05-25T10:48:12 IST" name="endTest" finished-at="2025-05-25T10:48:15 IST" duration-ms="2648" status="PASS">
          <reporter-output>
          </reporter-output>
        </test-method> <!-- endTest -->
      </class> <!-- tests.CartTests -->
    </test> <!-- CartTests -->
  </suite> <!-- TestSuite -->
</testng-results>
